c:\lawn_mover\lawn_mover\sqlserverconnector\x64\debug\sqlserverconnector.pch
c:\lawn_mover\lawn_mover\sqlserverconnector\x64\debug\vc141.pdb
c:\lawn_mover\lawn_mover\sqlserverconnector\x64\debug\vc141.idb
c:\lawn_mover\lawn_mover\sqlserverconnector\x64\debug\pch.obj
c:\lawn_mover\lawn_mover\sqlserverconnector\x64\debug\dllmain.obj
c:\lawn_mover\lawn_mover\sqlserverconnector\x64\debug\createreposqlserver.obj
c:\lawn_mover\lawn_mover\x64\debug\sqlserverconnector.dll
c:\lawn_mover\lawn_mover\x64\debug\sqlserverconnector.ilk
c:\lawn_mover\lawn_mover\x64\debug\sqlserverconnector.pdb
c:\lawn_mover\lawn_mover\x64\debug\sqlserverconnector.lib
c:\lawn_mover\lawn_mover\x64\debug\sqlserverconnector.exp
c:\lawn_mover\lawn_mover\sqlserverconnector\x64\debug\sqlserve.83d541ec.tlog\cl.command.1.tlog
c:\lawn_mover\lawn_mover\sqlserverconnector\x64\debug\sqlserve.83d541ec.tlog\cl.read.1.tlog
c:\lawn_mover\lawn_mover\sqlserverconnector\x64\debug\sqlserve.83d541ec.tlog\cl.write.1.tlog
c:\lawn_mover\lawn_mover\sqlserverconnector\x64\debug\sqlserve.83d541ec.tlog\link.22632.delete.1.tlog
c:\lawn_mover\lawn_mover\sqlserverconnector\x64\debug\sqlserve.83d541ec.tlog\link.6776.delete.1.tlog
c:\lawn_mover\lawn_mover\sqlserverconnector\x64\debug\sqlserve.83d541ec.tlog\link.command.1.tlog
c:\lawn_mover\lawn_mover\sqlserverconnector\x64\debug\sqlserve.83d541ec.tlog\link.read.1.tlog
c:\lawn_mover\lawn_mover\sqlserverconnector\x64\debug\sqlserve.83d541ec.tlog\link.write.1.tlog
c:\lawn_mover\lawn_mover\sqlserverconnector\x64\debug\sqlserve.83d541ec.tlog\sqlserverconnector.write.1u.tlog
