c:\lawn_mover\lawn_mover\file_system\x64\debug\file_system.pch
c:\lawn_mover\lawn_mover\file_system\x64\debug\vc141.pdb
c:\lawn_mover\lawn_mover\file_system\x64\debug\vc141.idb
c:\lawn_mover\lawn_mover\file_system\x64\debug\pch.obj
c:\lawn_mover\lawn_mover\file_system\x64\debug\resource_file.obj
c:\lawn_mover\lawn_mover\file_system\x64\debug\filesreader.obj
c:\lawn_mover\lawn_mover\file_system\x64\debug\dllmain.obj
c:\lawn_mover\lawn_mover\file_system\x64\debug\date.obj
c:\lawn_mover\lawn_mover\x64\debug\file_system.lib
c:\lawn_mover\lawn_mover\x64\debug\file_system.exp
c:\lawn_mover\lawn_mover\x64\debug\file_system.ilk
c:\lawn_mover\lawn_mover\x64\debug\file_system.dll
c:\lawn_mover\lawn_mover\x64\debug\file_system.pdb
c:\lawn_mover\lawn_mover\file_system\x64\debug\file_system.tlog\cl.command.1.tlog
c:\lawn_mover\lawn_mover\file_system\x64\debug\file_system.tlog\cl.read.1.tlog
c:\lawn_mover\lawn_mover\file_system\x64\debug\file_system.tlog\cl.write.1.tlog
c:\lawn_mover\lawn_mover\file_system\x64\debug\file_system.tlog\file_system.write.1u.tlog
c:\lawn_mover\lawn_mover\file_system\x64\debug\file_system.tlog\link.command.1.tlog
c:\lawn_mover\lawn_mover\file_system\x64\debug\file_system.tlog\link.read.1.tlog
c:\lawn_mover\lawn_mover\file_system\x64\debug\file_system.tlog\link.write.1.tlog
